Compiling the C compiler identification source file "CMakeCCompilerId.c" failed.
Compiler: C:/Program Files (x86)/Microsoft Visual Studio/2019/Community/VC/Tools/MSVC/14.29.30037/bin/Hostx64/x64/cl.exe 
Build flags: 
Id flags:  

The output was:
2
Оптимизирующий компилятор Microsoft (R) C/C++ версии 19.29.30037 для x64
(C) Корпорация Майкрософт (Microsoft Corporation).  Все права защищены.

CMakeCCompilerId.c
Microsoft (R) Incremental Linker Version 14.29.30037.0
Copyright (C) Microsoft Corporation.  All rights reserved.

/out:CMakeCCompilerId.exe 
CMakeCCompilerId.obj 
LINK : fatal error LNK1104: не удается открыть файл "kernel32.lib"


Compiling the CXX compiler identification source file "CMakeCXXCompilerId.cpp" failed.
Compiler: C:/Program Files (x86)/Microsoft Visual Studio/2019/Community/VC/Tools/MSVC/14.29.30037/bin/Hostx64/x64/cl.exe 
Build flags: 
Id flags:  

The output was:
2
Оптимизирующий компилятор Microsoft (R) C/C++ версии 19.29.30037 для x64
(C) Корпорация Майкрософт (Microsoft Corporation).  Все права защищены.

CMakeCXXCompilerId.cpp
Microsoft (R) Incremental Linker Version 14.29.30037.0
Copyright (C) Microsoft Corporation.  All rights reserved.

/out:CMakeCXXCompilerId.exe 
CMakeCXXCompilerId.obj 
LINK : fatal error LNK1104: не удается открыть файл "kernel32.lib"


Detecting C compiler ABI info failed to compile with the following output:
Change Dir: C:/Users/dan/CLionProjects/untitled/cmake-build-debug-visual-studio/CMakeFiles/CMakeTmp

Run Build Command(s):nmake /nologo cmTC_ddc2c\fast && 	"C:\Program Files (x86)\Microsoft Visual Studio\2019\Community\VC\Tools\MSVC\14.29.30037\bin\HostX64\x64\nmake.exe"  -f CMakeFiles\cmTC_ddc2c.dir\build.make /nologo -L                  CMakeFiles\cmTC_ddc2c.dir\build
Building C object CMakeFiles/cmTC_ddc2c.dir/CMakeCCompilerABI.c.obj
	C:\PROGRA~2\MICROS~2\2019\COMMUN~1\VC\Tools\MSVC\1429~1.300\bin\Hostx64\x64\cl.exe @C:\Users\dan\AppData\Local\Temp\nm1D6.tmp
CMakeCCompilerABI.c
Linking C executable cmTC_ddc2c.exe
	"C:\Program Files\JetBrains\CLion 2021.1.2\bin\cmake\win\bin\cmake.exe" -E vs_link_exe --intdir=CMakeFiles\cmTC_ddc2c.dir --rc=rc --mt=CMAKE_MT-NOTFOUND --manifests -- C:\PROGRA~2\MICROS~2\2019\COMMUN~1\VC\Tools\MSVC\1429~1.300\bin\Hostx64\x64\link.exe /nologo @CMakeFiles\cmTC_ddc2c.dir\objects1.rsp @C:\Users\dan\AppData\Local\Temp\nm215.tmp
RC Pass 1: command "rc /fo CMakeFiles\cmTC_ddc2c.dir/manifest.res CMakeFiles\cmTC_ddc2c.dir/manifest.rc" failed (exit code 0) with the following output:
Не удается найти указанный файлNMAKE : fatal error U1077: "C:\Program Files\JetBrains\CLion 2021.1.2\bin\cmake\win\bin\cmake.exe" : тючтЁр∙хээ√щ ъюф "0xffffffff"
Stop.
NMAKE : fatal error U1077: "C:\Program Files (x86)\Microsoft Visual Studio\2019\Community\VC\Tools\MSVC\14.29.30037\bin\HostX64\x64\nmake.exe" : тючтЁр∙хээ√щ ъюф "0x2"
Stop.




Determining if the C compiler works failed with the following output:
Change Dir: C:/Users/dan/CLionProjects/untitled/cmake-build-debug-visual-studio/CMakeFiles/CMakeTmp

Run Build Command(s):nmake /nologo cmTC_6e683\fast && 	"C:\Program Files (x86)\Microsoft Visual Studio\2019\Community\VC\Tools\MSVC\14.29.30037\bin\HostX64\x64\nmake.exe"  -f CMakeFiles\cmTC_6e683.dir\build.make /nologo -L                  CMakeFiles\cmTC_6e683.dir\build
Building C object CMakeFiles/cmTC_6e683.dir/testCCompiler.c.obj
	C:\PROGRA~2\MICROS~2\2019\COMMUN~1\VC\Tools\MSVC\1429~1.300\bin\Hostx64\x64\cl.exe @C:\Users\dan\AppData\Local\Temp\nm2DF.tmp
testCCompiler.c
Linking C executable cmTC_6e683.exe
	"C:\Program Files\JetBrains\CLion 2021.1.2\bin\cmake\win\bin\cmake.exe" -E vs_link_exe --intdir=CMakeFiles\cmTC_6e683.dir --rc=rc --mt=CMAKE_MT-NOTFOUND --manifests -- C:\PROGRA~2\MICROS~2\2019\COMMUN~1\VC\Tools\MSVC\1429~1.300\bin\Hostx64\x64\link.exe /nologo @CMakeFiles\cmTC_6e683.dir\objects1.rsp @C:\Users\dan\AppData\Local\Temp\nm31F.tmp
RC Pass 1: command "rc /fo CMakeFiles\cmTC_6e683.dir/manifest.res CMakeFiles\cmTC_6e683.dir/manifest.rc" failed (exit code 0) with the following output:
Не удается найти указанный файлNMAKE : fatal error U1077: "C:\Program Files\JetBrains\CLion 2021.1.2\bin\cmake\win\bin\cmake.exe" : тючтЁр∙хээ√щ ъюф "0xffffffff"
Stop.
NMAKE : fatal error U1077: "C:\Program Files (x86)\Microsoft Visual Studio\2019\Community\VC\Tools\MSVC\14.29.30037\bin\HostX64\x64\nmake.exe" : тючтЁр∙хээ√щ ъюф "0x2"
Stop.



